{
"/Users/bellamys/AtomicComponent/src/components/Atom.js":{"path":"/Users/bellamys/AtomicComponent/src/components/Atom.js","s":{"1":0,"2":0,"3":0,"4":0},"b":{},"f":{},"fnMap":{},"statementMap":{"1":{"start":{"line":11,"column":0},"end":{"line":11,"column":53}},"2":{"start":{"line":12,"column":0},"end":{"line":12,"column":51}},"3":{"start":{"line":14,"column":0},"end":{"line":17,"column":4}},"4":{"start":{"line":19,"column":0},"end":{"line":19,"column":22}}},"branchMap":{},"l":{"11":0,"12":0,"14":0,"19":0}},
"/Users/bellamys/AtomicComponent/src/components/AtomicComponent.js":{"path":"/Users/bellamys/AtomicComponent/src/components/AtomicComponent.js","s":{"1":1,"2":1,"3":1,"4":1,"5":1,"6":1,"7":6,"8":6,"9":6,"10":6,"11":6,"12":6,"13":6,"14":6,"15":1,"16":5,"17":1,"18":6,"19":3,"20":3,"21":3,"22":1,"23":3,"24":3,"25":3,"26":6,"27":6,"28":3,"29":6,"30":6,"31":6,"32":6,"33":6,"34":6,"35":6,"36":0,"37":0,"38":0,"39":0,"40":0,"41":0,"42":0,"43":6,"44":6,"45":0,"46":0,"47":0,"48":0,"49":0,"50":0,"51":0,"52":0,"53":3,"54":3,"55":4,"56":4,"57":6,"58":6,"59":6,"60":6,"61":6,"62":6,"63":6,"64":0,"65":0,"66":0,"67":0,"68":0,"69":0,"70":0,"71":0,"72":0,"73":0,"74":0,"75":0,"76":0,"77":0,"78":3,"79":0,"80":3,"81":3,"82":6,"83":1,"84":1,"85":1,"86":1,"87":1,"88":1,"89":1,"90":1,"91":0,"92":1,"93":0,"94":1,"95":1,"96":1,"97":0,"98":0,"99":0,"100":0,"101":0,"102":0,"103":0,"104":0,"105":1,"106":0,"107":0,"108":0,"109":0,"110":0,"111":0,"112":0,"113":0,"114":1},"b":{"1":[6,4],"2":[3,3],"3":[3,2],"4":[1,2],"5":[3,3],"6":[0,0],"7":[0,0],"8":[0,0],"9":[0,0],"10":[0,0],"11":[4,0],"12":[6,6],"13":[6,0],"14":[0,0],"15":[0,0],"16":[0,3],"17":[0,1],"18":[0,1],"19":[1,0],"20":[0,0],"21":[0,0],"22":[0,0],"23":[0,0]},"f":{"1":6,"2":6,"3":5,"4":1,"5":6,"6":6,"7":6,"8":0,"9":3,"10":6,"11":0,"12":3,"13":6,"14":1,"15":1,"16":0,"17":0,"18":0},"fnMap":{"1":{"name":"AtomicComponent","line":31,"loc":{"start":{"line":31,"column":0},"end":{"line":31,"column":48}}},"2":{"name":"(anonymous_2)","line":37,"loc":{"start":{"line":37,"column":27},"end":{"line":37,"column":44}}},"3":{"name":"(anonymous_3)","line":54,"loc":{"start":{"line":54,"column":15},"end":{"line":54,"column":26}}},"4":{"name":"(anonymous_4)","line":61,"loc":{"start":{"line":61,"column":10},"end":{"line":61,"column":21}}},"5":{"name":"(anonymous_5)","line":68,"loc":{"start":{"line":68,"column":17},"end":{"line":68,"column":28}}},"6":{"name":"(anonymous_6)","line":87,"loc":{"start":{"line":87,"column":14},"end":{"line":87,"column":34}}},"7":{"name":"(anonymous_7)","line":102,"loc":{"start":{"line":102,"column":21},"end":{"line":102,"column":32}}},"8":{"name":"(anonymous_8)","line":129,"loc":{"start":{"line":129,"column":11},"end":{"line":129,"column":22}}},"9":{"name":"(anonymous_9)","line":146,"loc":{"start":{"line":146,"column":24},"end":{"line":146,"column":47}}},"10":{"name":"(anonymous_10)","line":163,"loc":{"start":{"line":163,"column":18},"end":{"line":163,"column":37}}},"11":{"name":"(anonymous_11)","line":193,"loc":{"start":{"line":193,"column":12},"end":{"line":193,"column":54}}},"12":{"name":"(anonymous_12)","line":204,"loc":{"start":{"line":204,"column":20},"end":{"line":204,"column":31}}},"13":{"name":"(anonymous_13)","line":219,"loc":{"start":{"line":219,"column":12},"end":{"line":219,"column":31}}},"14":{"name":"extend","line":235,"loc":{"start":{"line":235,"column":25},"end":{"line":235,"column":55}}},"15":{"name":"child","line":242,"loc":{"start":{"line":242,"column":2},"end":{"line":242,"column":19}}},"16":{"name":"_processModifiers","line":272,"loc":{"start":{"line":272,"column":0},"end":{"line":272,"column":58}}},"17":{"name":"(anonymous_17)","line":273,"loc":{"start":{"line":273,"column":32},"end":{"line":273,"column":53}}},"18":{"name":"init","line":293,"loc":{"start":{"line":293,"column":23},"end":{"line":293,"column":39}}}},"statementMap":{"1":{"start":{"line":16,"column":0},"end":{"line":16,"column":58}},"2":{"start":{"line":17,"column":0},"end":{"line":17,"column":66}},"3":{"start":{"line":18,"column":0},"end":{"line":18,"column":55}},"4":{"start":{"line":19,"column":0},"end":{"line":19,"column":48}},"5":{"start":{"line":20,"column":0},"end":{"line":20,"column":41}},"6":{"start":{"line":31,"column":0},"end":{"line":41,"column":1}},"7":{"start":{"line":32,"column":2},"end":{"line":32,"column":35}},"8":{"start":{"line":33,"column":2},"end":{"line":33,"column":25}},"9":{"start":{"line":34,"column":2},"end":{"line":34,"column":39}},"10":{"start":{"line":35,"column":2},"end":{"line":35,"column":23}},"11":{"start":{"line":36,"column":2},"end":{"line":36,"column":27}},"12":{"start":{"line":37,"column":2},"end":{"line":39,"column":12}},"13":{"start":{"line":38,"column":4},"end":{"line":38,"column":34}},"14":{"start":{"line":40,"column":2},"end":{"line":40,"column":42}},"15":{"start":{"line":44,"column":0},"end":{"line":223,"column":4}},"16":{"start":{"line":54,"column":28},"end":{"line":54,"column":35}},"17":{"start":{"line":62,"column":4},"end":{"line":62,"column":16}},"18":{"start":{"line":69,"column":4},"end":{"line":77,"column":5}},"19":{"start":{"line":70,"column":6},"end":{"line":70,"column":48}},"20":{"start":{"line":71,"column":6},"end":{"line":71,"column":38}},"21":{"start":{"line":72,"column":6},"end":{"line":72,"column":60}},"22":{"start":{"line":72,"column":28},"end":{"line":72,"column":60}},"23":{"start":{"line":73,"column":6},"end":{"line":73,"column":64}},"24":{"start":{"line":74,"column":6},"end":{"line":74,"column":41}},"25":{"start":{"line":76,"column":6},"end":{"line":76,"column":38}},"26":{"start":{"line":78,"column":4},"end":{"line":78,"column":52}},"27":{"start":{"line":88,"column":4},"end":{"line":90,"column":5}},"28":{"start":{"line":89,"column":6},"end":{"line":89,"column":30}},"29":{"start":{"line":91,"column":4},"end":{"line":91,"column":27}},"30":{"start":{"line":92,"column":4},"end":{"line":92,"column":26}},"31":{"start":{"line":94,"column":4},"end":{"line":94,"column":16}},"32":{"start":{"line":103,"column":4},"end":{"line":103,"column":12}},"33":{"start":{"line":104,"column":4},"end":{"line":104,"column":35}},"34":{"start":{"line":105,"column":4},"end":{"line":105,"column":16}},"35":{"start":{"line":106,"column":4},"end":{"line":117,"column":5}},"36":{"start":{"line":107,"column":6},"end":{"line":116,"column":7}},"37":{"start":{"line":108,"column":8},"end":{"line":108,"column":59}},"38":{"start":{"line":109,"column":8},"end":{"line":115,"column":9}},"39":{"start":{"line":110,"column":10},"end":{"line":110,"column":31}},"40":{"start":{"line":111,"column":15},"end":{"line":115,"column":9}},"41":{"start":{"line":112,"column":10},"end":{"line":112,"column":28}},"42":{"start":{"line":114,"column":10},"end":{"line":114,"column":25}},"43":{"start":{"line":118,"column":4},"end":{"line":118,"column":17}},"44":{"start":{"line":120,"column":4},"end":{"line":120,"column":14}},"45":{"start":{"line":130,"column":4},"end":{"line":134,"column":5}},"46":{"start":{"line":131,"column":6},"end":{"line":131,"column":56}},"47":{"start":{"line":132,"column":6},"end":{"line":132,"column":54}},"48":{"start":{"line":132,"column":29},"end":{"line":132,"column":54}},"49":{"start":{"line":133,"column":6},"end":{"line":133,"column":26}},"50":{"start":{"line":135,"column":4},"end":{"line":135,"column":28}},"51":{"start":{"line":136,"column":4},"end":{"line":136,"column":42}},"52":{"start":{"line":138,"column":4},"end":{"line":138,"column":16}},"53":{"start":{"line":147,"column":4},"end":{"line":147,"column":17}},"54":{"start":{"line":149,"column":4},"end":{"line":153,"column":5}},"55":{"start":{"line":150,"column":6},"end":{"line":152,"column":7}},"56":{"start":{"line":151,"column":8},"end":{"line":151,"column":66}},"57":{"start":{"line":164,"column":4},"end":{"line":164,"column":12}},"58":{"start":{"line":165,"column":4},"end":{"line":165,"column":15}},"59":{"start":{"line":166,"column":4},"end":{"line":166,"column":14}},"60":{"start":{"line":167,"column":4},"end":{"line":167,"column":49}},"61":{"start":{"line":169,"column":4},"end":{"line":169,"column":48}},"62":{"start":{"line":170,"column":4},"end":{"line":170,"column":31}},"63":{"start":{"line":170,"column":19},"end":{"line":170,"column":31}},"64":{"start":{"line":171,"column":4},"end":{"line":171,"column":28}},"65":{"start":{"line":172,"column":4},"end":{"line":172,"column":50}},"66":{"start":{"line":173,"column":4},"end":{"line":179,"column":5}},"67":{"start":{"line":174,"column":6},"end":{"line":174,"column":27}},"68":{"start":{"line":175,"column":6},"end":{"line":175,"column":62}},"69":{"start":{"line":175,"column":40},"end":{"line":175,"column":62}},"70":{"start":{"line":176,"column":6},"end":{"line":176,"column":30}},"71":{"start":{"line":176,"column":21},"end":{"line":176,"column":30}},"72":{"start":{"line":177,"column":6},"end":{"line":177,"column":49}},"73":{"start":{"line":178,"column":6},"end":{"line":178,"column":63}},"74":{"start":{"line":180,"column":4},"end":{"line":180,"column":38}},"75":{"start":{"line":182,"column":4},"end":{"line":182,"column":16}},"76":{"start":{"line":194,"column":4},"end":{"line":194,"column":53}},"77":{"start":{"line":196,"column":4},"end":{"line":196,"column":16}},"78":{"start":{"line":205,"column":4},"end":{"line":207,"column":5}},"79":{"start":{"line":206,"column":6},"end":{"line":206,"column":31}},"80":{"start":{"line":208,"column":4},"end":{"line":208,"column":48}},"81":{"start":{"line":210,"column":4},"end":{"line":210,"column":16}},"82":{"start":{"line":220,"column":4},"end":{"line":220,"column":66}},"83":{"start":{"line":235,"column":0},"end":{"line":263,"column":2}},"84":{"start":{"line":242,"column":2},"end":{"line":245,"column":3}},"85":{"start":{"line":243,"column":4},"end":{"line":243,"column":44}},"86":{"start":{"line":244,"column":4},"end":{"line":244,"column":52}},"87":{"start":{"line":247,"column":2},"end":{"line":247,"column":63}},"88":{"start":{"line":248,"column":2},"end":{"line":248,"column":38}},"89":{"start":{"line":249,"column":2},"end":{"line":249,"column":33}},"90":{"start":{"line":251,"column":2},"end":{"line":253,"column":3}},"91":{"start":{"line":252,"column":4},"end":{"line":252,"column":53}},"92":{"start":{"line":255,"column":2},"end":{"line":258,"column":3}},"93":{"start":{"line":257,"column":4},"end":{"line":257,"column":40}},"94":{"start":{"line":260,"column":2},"end":{"line":260,"column":23}},"95":{"start":{"line":262,"column":2},"end":{"line":262,"column":15}},"96":{"start":{"line":272,"column":0},"end":{"line":285,"column":1}},"97":{"start":{"line":273,"column":2},"end":{"line":284,"column":6}},"98":{"start":{"line":274,"column":4},"end":{"line":277,"column":5}},"99":{"start":{"line":275,"column":6},"end":{"line":275,"column":61}},"100":{"start":{"line":276,"column":6},"end":{"line":276,"column":33}},"101":{"start":{"line":279,"column":4},"end":{"line":282,"column":5}},"102":{"start":{"line":280,"column":6},"end":{"line":280,"column":56}},"103":{"start":{"line":281,"column":6},"end":{"line":281,"column":30}},"104":{"start":{"line":283,"column":4},"end":{"line":283,"column":40}},"105":{"start":{"line":293,"column":0},"end":{"line":306,"column":2}},"106":{"start":{"line":294,"column":2},"end":{"line":294,"column":60}},"107":{"start":{"line":295,"column":2},"end":{"line":295,"column":14}},"108":{"start":{"line":296,"column":2},"end":{"line":296,"column":22}},"109":{"start":{"line":298,"column":2},"end":{"line":303,"column":3}},"110":{"start":{"line":299,"column":4},"end":{"line":299,"column":26}},"111":{"start":{"line":300,"column":4},"end":{"line":302,"column":5}},"112":{"start":{"line":301,"column":6},"end":{"line":301,"column":45}},"113":{"start":{"line":305,"column":2},"end":{"line":305,"column":20}},"114":{"start":{"line":308,"column":0},"end":{"line":308,"column":33}}},"branchMap":{"1":{"line":34,"type":"binary-expr","locations":[{"start":{"line":34,"column":18},"end":{"line":34,"column":28}},{"start":{"line":34,"column":32},"end":{"line":34,"column":34}}]},"2":{"line":69,"type":"if","locations":[{"start":{"line":69,"column":4},"end":{"line":69,"column":4}},{"start":{"line":69,"column":4},"end":{"line":69,"column":4}}]},"3":{"line":71,"type":"binary-expr","locations":[{"start":{"line":71,"column":17},"end":{"line":71,"column":24}},{"start":{"line":71,"column":28},"end":{"line":71,"column":37}}]},"4":{"line":72,"type":"if","locations":[{"start":{"line":72,"column":6},"end":{"line":72,"column":6}},{"start":{"line":72,"column":6},"end":{"line":72,"column":6}}]},"5":{"line":88,"type":"if","locations":[{"start":{"line":88,"column":4},"end":{"line":88,"column":4}},{"start":{"line":88,"column":4},"end":{"line":88,"column":4}}]},"6":{"line":107,"type":"if","locations":[{"start":{"line":107,"column":6},"end":{"line":107,"column":6}},{"start":{"line":107,"column":6},"end":{"line":107,"column":6}}]},"7":{"line":109,"type":"if","locations":[{"start":{"line":109,"column":8},"end":{"line":109,"column":8}},{"start":{"line":109,"column":8},"end":{"line":109,"column":8}}]},"8":{"line":111,"type":"if","locations":[{"start":{"line":111,"column":15},"end":{"line":111,"column":15}},{"start":{"line":111,"column":15},"end":{"line":111,"column":15}}]},"9":{"line":130,"type":"if","locations":[{"start":{"line":130,"column":4},"end":{"line":130,"column":4}},{"start":{"line":130,"column":4},"end":{"line":130,"column":4}}]},"10":{"line":132,"type":"if","locations":[{"start":{"line":132,"column":6},"end":{"line":132,"column":6}},{"start":{"line":132,"column":6},"end":{"line":132,"column":6}}]},"11":{"line":150,"type":"if","locations":[{"start":{"line":150,"column":6},"end":{"line":150,"column":6}},{"start":{"line":150,"column":6},"end":{"line":150,"column":6}}]},"12":{"line":169,"type":"binary-expr","locations":[{"start":{"line":169,"column":13},"end":{"line":169,"column":19}},{"start":{"line":169,"column":25},"end":{"line":169,"column":45}}]},"13":{"line":170,"type":"if","locations":[{"start":{"line":170,"column":4},"end":{"line":170,"column":4}},{"start":{"line":170,"column":4},"end":{"line":170,"column":4}}]},"14":{"line":175,"type":"if","locations":[{"start":{"line":175,"column":6},"end":{"line":175,"column":6}},{"start":{"line":175,"column":6},"end":{"line":175,"column":6}}]},"15":{"line":176,"type":"if","locations":[{"start":{"line":176,"column":6},"end":{"line":176,"column":6}},{"start":{"line":176,"column":6},"end":{"line":176,"column":6}}]},"16":{"line":205,"type":"if","locations":[{"start":{"line":205,"column":4},"end":{"line":205,"column":4}},{"start":{"line":205,"column":4},"end":{"line":205,"column":4}}]},"17":{"line":251,"type":"if","locations":[{"start":{"line":251,"column":2},"end":{"line":251,"column":2}},{"start":{"line":251,"column":2},"end":{"line":251,"column":2}}]},"18":{"line":255,"type":"if","locations":[{"start":{"line":255,"column":2},"end":{"line":255,"column":2}},{"start":{"line":255,"column":2},"end":{"line":255,"column":2}}]},"19":{"line":255,"type":"binary-expr","locations":[{"start":{"line":255,"column":7},"end":{"line":255,"column":40}},{"start":{"line":256,"column":7},"end":{"line":256,"column":45}}]},"20":{"line":274,"type":"if","locations":[{"start":{"line":274,"column":4},"end":{"line":274,"column":4}},{"start":{"line":274,"column":4},"end":{"line":274,"column":4}}]},"21":{"line":279,"type":"if","locations":[{"start":{"line":279,"column":4},"end":{"line":279,"column":4}},{"start":{"line":279,"column":4},"end":{"line":279,"column":4}}]},"22":{"line":279,"type":"binary-expr","locations":[{"start":{"line":279,"column":9},"end":{"line":279,"column":20}},{"start":{"line":279,"column":24},"end":{"line":279,"column":40}}]},"23":{"line":300,"type":"if","locations":[{"start":{"line":300,"column":4},"end":{"line":300,"column":4}},{"start":{"line":300,"column":4},"end":{"line":300,"column":4}}]}},"l":{"16":1,"17":1,"18":1,"19":1,"20":1,"31":1,"32":6,"33":6,"34":6,"35":6,"36":6,"37":6,"38":6,"40":6,"44":1,"54":5,"62":1,"69":6,"70":3,"71":3,"72":3,"73":3,"74":3,"76":3,"78":6,"88":6,"89":3,"91":6,"92":6,"94":6,"103":6,"104":6,"105":6,"106":6,"107":0,"108":0,"109":0,"110":0,"111":0,"112":0,"114":0,"118":6,"120":6,"130":0,"131":0,"132":0,"133":0,"135":0,"136":0,"138":0,"147":3,"149":3,"150":4,"151":4,"164":6,"165":6,"166":6,"167":6,"169":6,"170":6,"171":0,"172":0,"173":0,"174":0,"175":0,"176":0,"177":0,"178":0,"180":0,"182":0,"194":0,"196":0,"205":3,"206":0,"208":3,"210":3,"220":6,"235":1,"242":1,"243":1,"244":1,"247":1,"248":1,"249":1,"251":1,"252":0,"255":1,"257":0,"260":1,"262":1,"272":1,"273":0,"274":0,"275":0,"276":0,"279":0,"280":0,"281":0,"283":0,"293":1,"294":0,"295":0,"296":0,"298":0,"299":0,"300":0,"301":0,"305":0,"308":1}},
"/Users/bellamys/AtomicComponent/src/components/Molecule.js":{"path":"/Users/bellamys/AtomicComponent/src/components/Molecule.js","s":{"1":0,"2":0,"3":0,"4":0},"b":{},"f":{},"fnMap":{},"statementMap":{"1":{"start":{"line":11,"column":0},"end":{"line":11,"column":53}},"2":{"start":{"line":12,"column":0},"end":{"line":12,"column":51}},"3":{"start":{"line":14,"column":0},"end":{"line":17,"column":4}},"4":{"start":{"line":19,"column":0},"end":{"line":19,"column":26}}},"branchMap":{},"l":{"11":0,"12":0,"14":0,"19":0}},
"/Users/bellamys/AtomicComponent/src/components/Organism.js":{"path":"/Users/bellamys/AtomicComponent/src/components/Organism.js","s":{"1":0,"2":0,"3":0,"4":0},"b":{},"f":{},"fnMap":{},"statementMap":{"1":{"start":{"line":11,"column":0},"end":{"line":11,"column":53}},"2":{"start":{"line":12,"column":0},"end":{"line":12,"column":51}},"3":{"start":{"line":14,"column":0},"end":{"line":17,"column":4}},"4":{"start":{"line":19,"column":0},"end":{"line":19,"column":26}}},"branchMap":{},"l":{"11":0,"12":0,"14":0,"19":0}},
"/Users/bellamys/AtomicComponent/src/components/Page.js":{"path":"/Users/bellamys/AtomicComponent/src/components/Page.js","s":{"1":0,"2":0,"3":0,"4":0},"b":{},"f":{},"fnMap":{},"statementMap":{"1":{"start":{"line":11,"column":0},"end":{"line":11,"column":53}},"2":{"start":{"line":12,"column":0},"end":{"line":12,"column":51}},"3":{"start":{"line":14,"column":0},"end":{"line":17,"column":4}},"4":{"start":{"line":19,"column":0},"end":{"line":19,"column":22}}},"branchMap":{},"l":{"11":0,"12":0,"14":0,"19":0}},
"/Users/bellamys/AtomicComponent/src/components/_Template.js":{"path":"/Users/bellamys/AtomicComponent/src/components/_Template.js","s":{"1":0,"2":0,"3":0,"4":0},"b":{},"f":{},"fnMap":{},"statementMap":{"1":{"start":{"line":11,"column":0},"end":{"line":11,"column":53}},"2":{"start":{"line":12,"column":0},"end":{"line":12,"column":51}},"3":{"start":{"line":14,"column":0},"end":{"line":17,"column":4}},"4":{"start":{"line":19,"column":0},"end":{"line":19,"column":26}}},"branchMap":{},"l":{"11":0,"12":0,"14":0,"19":0}},
"/Users/bellamys/AtomicComponent/src/mixins/Events.js":{"path":"/Users/bellamys/AtomicComponent/src/mixins/Events.js","s":{"1":1,"2":5,"3":5,"4":5,"5":5,"6":1,"7":1,"8":1,"9":8,"10":8,"11":8,"12":1,"13":8,"14":1},"b":{"1":[5,0],"2":[5,3],"3":[1,0],"4":[1,1],"5":[8,6],"6":[8,7]},"f":{"1":5,"2":1,"3":8},"fnMap":{"1":{"name":"(anonymous_1)","line":20,"loc":{"start":{"line":20,"column":6},"end":{"line":20,"column":38}}},"2":{"name":"(anonymous_2)","line":34,"loc":{"start":{"line":34,"column":7},"end":{"line":34,"column":29}}},"3":{"name":"(anonymous_3)","line":46,"loc":{"start":{"line":46,"column":11},"end":{"line":46,"column":33}}}},"statementMap":{"1":{"start":{"line":11,"column":0},"end":{"line":56,"column":2}},"2":{"start":{"line":21,"column":4},"end":{"line":21,"column":49}},"3":{"start":{"line":22,"column":4},"end":{"line":22,"column":53}},"4":{"start":{"line":23,"column":4},"end":{"line":23,"column":39}},"5":{"start":{"line":25,"column":4},"end":{"line":25,"column":16}},"6":{"start":{"line":35,"column":4},"end":{"line":35,"column":79}},"7":{"start":{"line":35,"column":49},"end":{"line":35,"column":79}},"8":{"start":{"line":37,"column":4},"end":{"line":37,"column":16}},"9":{"start":{"line":47,"column":4},"end":{"line":47,"column":49}},"10":{"start":{"line":48,"column":4},"end":{"line":48,"column":48}},"11":{"start":{"line":49,"column":4},"end":{"line":51,"column":5}},"12":{"start":{"line":50,"column":6},"end":{"line":50,"column":57}},"13":{"start":{"line":53,"column":4},"end":{"line":53,"column":16}},"14":{"start":{"line":58,"column":0},"end":{"line":58,"column":24}}},"branchMap":{"1":{"line":21,"type":"binary-expr","locations":[{"start":{"line":21,"column":31},"end":{"line":21,"column":42}},{"start":{"line":21,"column":46},"end":{"line":21,"column":48}}]},"2":{"line":22,"type":"binary-expr","locations":[{"start":{"line":22,"column":24},"end":{"line":22,"column":46}},{"start":{"line":22,"column":50},"end":{"line":22,"column":52}}]},"3":{"line":35,"type":"if","locations":[{"start":{"line":35,"column":4},"end":{"line":35,"column":4}},{"start":{"line":35,"column":4},"end":{"line":35,"column":4}}]},"4":{"line":35,"type":"binary-expr","locations":[{"start":{"line":35,"column":9},"end":{"line":35,"column":20}},{"start":{"line":35,"column":24},"end":{"line":35,"column":46}}]},"5":{"line":47,"type":"binary-expr","locations":[{"start":{"line":47,"column":31},"end":{"line":47,"column":42}},{"start":{"line":47,"column":46},"end":{"line":47,"column":48}}]},"6":{"line":48,"type":"binary-expr","locations":[{"start":{"line":48,"column":24},"end":{"line":48,"column":41}},{"start":{"line":48,"column":45},"end":{"line":48,"column":47}}]}},"l":{"11":1,"21":5,"22":5,"23":5,"25":5,"35":1,"37":1,"47":8,"48":8,"49":8,"50":1,"53":8,"58":1}},
"/Users/bellamys/AtomicComponent/src/utilities/config.js":{"path":"/Users/bellamys/AtomicComponent/src/utilities/config.js","s":{"1":1,"2":1,"3":1,"4":1,"5":1,"6":1,"7":1},"b":{},"f":{"1":1},"fnMap":{"1":{"name":"NO_OP_FUNCTION","line":43,"loc":{"start":{"line":43,"column":0},"end":{"line":43,"column":25}}}},"statementMap":{"1":{"start":{"line":10,"column":0},"end":{"line":15,"column":2}},"2":{"start":{"line":19,"column":0},"end":{"line":25,"column":2}},"3":{"start":{"line":29,"column":0},"end":{"line":35,"column":2}},"4":{"start":{"line":43,"column":0},"end":{"line":43,"column":35}},"5":{"start":{"line":43,"column":27},"end":{"line":43,"column":34}},"6":{"start":{"line":45,"column":0},"end":{"line":45,"column":14}},"7":{"start":{"line":47,"column":0},"end":{"line":53,"column":1}}},"branchMap":{},"l":{"10":1,"19":1,"29":1,"43":1,"45":1,"47":1}},
"/Users/bellamys/AtomicComponent/src/utilities/dom-class-list/index.js":{"path":"/Users/bellamys/AtomicComponent/src/utilities/dom-class-list/index.js","s":{"1":2,"2":1,"3":6,"4":1,"5":3,"6":3,"7":0,"8":3,"9":3,"10":4,"11":3,"12":3,"13":3,"14":1,"15":8,"16":3,"17":5,"18":1,"19":3,"20":3,"21":0,"22":3,"23":3,"24":4,"25":3,"26":3,"27":1,"28":2,"29":2,"30":0,"31":2,"32":1,"33":1,"34":1,"35":2,"36":2},"b":{"1":[0,3],"2":[3,1],"3":[3,5],"4":[0,3],"5":[3,1],"6":[0,2],"7":[1,1],"8":[2,2]},"f":{"1":6,"2":3,"3":4,"4":8,"5":3,"6":4,"7":2},"fnMap":{"1":{"name":"_sliceArgs","line":24,"loc":{"start":{"line":24,"column":0},"end":{"line":24,"column":28}}},"2":{"name":"addClass","line":35,"loc":{"start":{"line":35,"column":0},"end":{"line":35,"column":29}}},"3":{"name":"(anonymous_3)","line":41,"loc":{"start":{"line":41,"column":32},"end":{"line":41,"column":49}}},"4":{"name":"contains","line":59,"loc":{"start":{"line":59,"column":0},"end":{"line":59,"column":40}}},"5":{"name":"removeClass","line":73,"loc":{"start":{"line":73,"column":0},"end":{"line":73,"column":32}}},"6":{"name":"(anonymous_6)","line":80,"loc":{"start":{"line":80,"column":35},"end":{"line":80,"column":57}}},"7":{"name":"toggleClass","line":98,"loc":{"start":{"line":98,"column":0},"end":{"line":98,"column":54}}}},"statementMap":{"1":{"start":{"line":16,"column":0},"end":{"line":16,"column":64}},"2":{"start":{"line":24,"column":0},"end":{"line":26,"column":1}},"3":{"start":{"line":25,"column":2},"end":{"line":25,"column":47}},"4":{"start":{"line":35,"column":0},"end":{"line":50,"column":1}},"5":{"start":{"line":36,"column":2},"end":{"line":36,"column":51}},"6":{"start":{"line":37,"column":2},"end":{"line":47,"column":3}},"7":{"start":{"line":38,"column":4},"end":{"line":38,"column":73}},"8":{"start":{"line":40,"column":4},"end":{"line":40,"column":49}},"9":{"start":{"line":41,"column":4},"end":{"line":45,"column":8}},"10":{"start":{"line":42,"column":6},"end":{"line":44,"column":7}},"11":{"start":{"line":43,"column":8},"end":{"line":43,"column":29}},"12":{"start":{"line":46,"column":4},"end":{"line":46,"column":44}},"13":{"start":{"line":49,"column":2},"end":{"line":49,"column":17}},"14":{"start":{"line":59,"column":0},"end":{"line":65,"column":1}},"15":{"start":{"line":60,"column":2},"end":{"line":62,"column":3}},"16":{"start":{"line":61,"column":4},"end":{"line":61,"column":51}},"17":{"start":{"line":64,"column":2},"end":{"line":64,"column":53}},"18":{"start":{"line":73,"column":0},"end":{"line":87,"column":1}},"19":{"start":{"line":74,"column":2},"end":{"line":74,"column":54}},"20":{"start":{"line":75,"column":2},"end":{"line":86,"column":3}},"21":{"start":{"line":76,"column":4},"end":{"line":77,"column":55}},"22":{"start":{"line":79,"column":4},"end":{"line":79,"column":49}},"23":{"start":{"line":80,"column":4},"end":{"line":84,"column":8}},"24":{"start":{"line":81,"column":6},"end":{"line":83,"column":7}},"25":{"start":{"line":82,"column":8},"end":{"line":82,"column":57}},"26":{"start":{"line":85,"column":4},"end":{"line":85,"column":44}},"27":{"start":{"line":98,"column":0},"end":{"line":110,"column":1}},"28":{"start":{"line":99,"column":2},"end":{"line":99,"column":23}},"29":{"start":{"line":100,"column":2},"end":{"line":107,"column":3}},"30":{"start":{"line":101,"column":4},"end":{"line":101,"column":78}},"31":{"start":{"line":102,"column":9},"end":{"line":107,"column":3}},"32":{"start":{"line":103,"column":4},"end":{"line":103,"column":38}},"33":{"start":{"line":105,"column":4},"end":{"line":105,"column":35}},"34":{"start":{"line":106,"column":4},"end":{"line":106,"column":20}},"35":{"start":{"line":109,"column":2},"end":{"line":109,"column":18}},"36":{"start":{"line":113,"column":0},"end":{"line":118,"column":2}}},"branchMap":{"1":{"line":37,"type":"if","locations":[{"start":{"line":37,"column":2},"end":{"line":37,"column":2}},{"start":{"line":37,"column":2},"end":{"line":37,"column":2}}]},"2":{"line":42,"type":"if","locations":[{"start":{"line":42,"column":6},"end":{"line":42,"column":6}},{"start":{"line":42,"column":6},"end":{"line":42,"column":6}}]},"3":{"line":60,"type":"if","locations":[{"start":{"line":60,"column":2},"end":{"line":60,"column":2}},{"start":{"line":60,"column":2},"end":{"line":60,"column":2}}]},"4":{"line":75,"type":"if","locations":[{"start":{"line":75,"column":2},"end":{"line":75,"column":2}},{"start":{"line":75,"column":2},"end":{"line":75,"column":2}}]},"5":{"line":81,"type":"if","locations":[{"start":{"line":81,"column":6},"end":{"line":81,"column":6}},{"start":{"line":81,"column":6},"end":{"line":81,"column":6}}]},"6":{"line":100,"type":"if","locations":[{"start":{"line":100,"column":2},"end":{"line":100,"column":2}},{"start":{"line":100,"column":2},"end":{"line":100,"column":2}}]},"7":{"line":102,"type":"if","locations":[{"start":{"line":102,"column":9},"end":{"line":102,"column":9}},{"start":{"line":102,"column":9},"end":{"line":102,"column":9}}]},"8":{"line":102,"type":"binary-expr","locations":[{"start":{"line":102,"column":14},"end":{"line":102,"column":33}},{"start":{"line":102,"column":37},"end":{"line":102,"column":67}}]}},"l":{"16":2,"24":1,"25":6,"35":1,"36":3,"37":3,"38":0,"40":3,"41":3,"42":4,"43":3,"46":3,"49":3,"59":1,"60":8,"61":3,"64":5,"73":1,"74":3,"75":3,"76":0,"79":3,"80":3,"81":4,"82":3,"85":3,"98":1,"99":2,"100":2,"101":0,"102":2,"103":1,"105":1,"106":1,"109":2,"113":2}},
"/Users/bellamys/AtomicComponent/src/utilities/data-set/index.js":{"path":"/Users/bellamys/AtomicComponent/src/utilities/data-set/index.js","s":{"1":1,"2":1,"3":5,"4":9,"5":1,"6":1,"7":0,"8":1,"9":1,"10":1,"11":1,"12":1,"13":5,"14":5,"15":5,"16":5,"17":1,"18":1},"b":{"1":[0,1],"2":[5,0]},"f":{"1":5,"2":9,"3":1},"fnMap":{"1":{"name":"_toCamelCase","line":18,"loc":{"start":{"line":18,"column":0},"end":{"line":18,"column":29}}},"2":{"name":"(anonymous_2)","line":19,"loc":{"start":{"line":19,"column":36},"end":{"line":19,"column":59}}},"3":{"name":"dataSet","line":31,"loc":{"start":{"line":31,"column":1},"end":{"line":31,"column":29}}}},"statementMap":{"1":{"start":{"line":11,"column":0},"end":{"line":11,"column":49}},"2":{"start":{"line":18,"column":0},"end":{"line":22,"column":1}},"3":{"start":{"line":19,"column":2},"end":{"line":21,"column":6}},"4":{"start":{"line":20,"column":4},"end":{"line":20,"column":31}},"5":{"start":{"line":31,"column":1},"end":{"line":49,"column":1}},"6":{"start":{"line":32,"column":2},"end":{"line":34,"column":3}},"7":{"start":{"line":33,"column":4},"end":{"line":33,"column":42}},"8":{"start":{"line":35,"column":2},"end":{"line":35,"column":19}},"9":{"start":{"line":36,"column":2},"end":{"line":36,"column":27}},"10":{"start":{"line":37,"column":2},"end":{"line":37,"column":11}},"11":{"start":{"line":38,"column":2},"end":{"line":38,"column":12}},"12":{"start":{"line":40,"column":2},"end":{"line":46,"column":3}},"13":{"start":{"line":41,"column":4},"end":{"line":41,"column":33}},"14":{"start":{"line":42,"column":4},"end":{"line":42,"column":37}},"15":{"start":{"line":43,"column":4},"end":{"line":45,"column":5}},"16":{"start":{"line":44,"column":6},"end":{"line":44,"column":55}},"17":{"start":{"line":48,"column":2},"end":{"line":48,"column":17}},"18":{"start":{"line":52,"column":0},"end":{"line":54,"column":2}}},"branchMap":{"1":{"line":32,"type":"if","locations":[{"start":{"line":32,"column":2},"end":{"line":32,"column":2}},{"start":{"line":32,"column":2},"end":{"line":32,"column":2}}]},"2":{"line":43,"type":"if","locations":[{"start":{"line":43,"column":4},"end":{"line":43,"column":4}},{"start":{"line":43,"column":4},"end":{"line":43,"column":4}}]}},"l":{"11":1,"18":1,"19":5,"20":9,"31":1,"32":1,"33":0,"35":1,"36":1,"37":1,"38":1,"40":1,"41":5,"42":5,"43":5,"44":5,"48":1,"52":1}},
"/Users/bellamys/AtomicComponent/src/utilities/dom-closest/index.js":{"path":"/Users/bellamys/AtomicComponent/src/utilities/dom-closest/index.js","s":{"1":1,"2":10,"3":1,"4":9,"5":9,"6":9,"7":32,"8":4,"9":28,"10":32,"11":4,"12":5,"13":1},"b":{"1":[1,9],"2":[9,3,2,1],"3":[4,28],"4":[4,28]},"f":{"1":10},"fnMap":{"1":{"name":"closest","line":19,"loc":{"start":{"line":19,"column":0},"end":{"line":19,"column":38}}}},"statementMap":{"1":{"start":{"line":19,"column":0},"end":{"line":41,"column":1}},"2":{"start":{"line":20,"column":2},"end":{"line":22,"column":3}},"3":{"start":{"line":21,"column":4},"end":{"line":21,"column":39}},"4":{"start":{"line":24,"column":2},"end":{"line":27,"column":50}},"5":{"start":{"line":28,"column":2},"end":{"line":28,"column":12}},"6":{"start":{"line":30,"column":2},"end":{"line":38,"column":3}},"7":{"start":{"line":31,"column":4},"end":{"line":35,"column":5}},"8":{"start":{"line":32,"column":6},"end":{"line":32,"column":22}},"9":{"start":{"line":34,"column":6},"end":{"line":34,"column":38}},"10":{"start":{"line":37,"column":4},"end":{"line":37,"column":36}},"11":{"start":{"line":37,"column":19},"end":{"line":37,"column":34}},"12":{"start":{"line":40,"column":2},"end":{"line":40,"column":14}},"13":{"start":{"line":44,"column":0},"end":{"line":46,"column":2}}},"branchMap":{"1":{"line":20,"type":"if","locations":[{"start":{"line":20,"column":2},"end":{"line":20,"column":2}},{"start":{"line":20,"column":2},"end":{"line":20,"column":2}}]},"2":{"line":24,"type":"binary-expr","locations":[{"start":{"line":24,"column":24},"end":{"line":24,"column":39}},{"start":{"line":25,"column":24},"end":{"line":25,"column":53}},{"start":{"line":26,"column":24},"end":{"line":26,"column":50}},{"start":{"line":27,"column":24},"end":{"line":27,"column":49}}]},"3":{"line":31,"type":"if","locations":[{"start":{"line":31,"column":4},"end":{"line":31,"column":4}},{"start":{"line":31,"column":4},"end":{"line":31,"column":4}}]},"4":{"line":37,"type":"if","locations":[{"start":{"line":37,"column":4},"end":{"line":37,"column":4}},{"start":{"line":37,"column":4},"end":{"line":37,"column":4}}]}},"l":{"19":1,"20":10,"21":1,"24":9,"28":9,"30":9,"31":32,"32":4,"34":28,"37":32,"40":5,"44":1}},
"/Users/bellamys/AtomicComponent/src/utilities/function-bind/index.js":{"path":"/Users/bellamys/AtomicComponent/src/utilities/function-bind/index.js","s":{"1":1,"2":1,"3":1,"4":1},"b":{},"f":{"1":1,"2":1},"fnMap":{"1":{"name":"bind","line":23,"loc":{"start":{"line":23,"column":0},"end":{"line":23,"column":29}}},"2":{"name":"(anonymous_2)","line":24,"loc":{"start":{"line":24,"column":9},"end":{"line":24,"column":20}}}},"statementMap":{"1":{"start":{"line":23,"column":0},"end":{"line":27,"column":1}},"2":{"start":{"line":24,"column":2},"end":{"line":26,"column":4}},"3":{"start":{"line":25,"column":4},"end":{"line":25,"column":42}},"4":{"start":{"line":30,"column":0},"end":{"line":32,"column":2}}},"branchMap":{},"l":{"23":1,"24":1,"25":1,"30":1}},
"/Users/bellamys/AtomicComponent/src/utilities/object-assign/index.js":{"path":"/Users/bellamys/AtomicComponent/src/utilities/object-assign/index.js","s":{"1":1,"2":50,"3":1,"4":27,"5":27,"6":31,"7":31,"8":50,"9":50,"10":50,"11":4,"12":46,"13":27,"14":1},"b":{"1":[27,0],"2":[31,9],"3":[50,0],"4":[4,46],"5":[4,4]},"f":{"1":50,"2":27},"fnMap":{"1":{"name":"_isPlainObject","line":18,"loc":{"start":{"line":18,"column":0},"end":{"line":18,"column":34}}},"2":{"name":"assign","line":30,"loc":{"start":{"line":30,"column":0},"end":{"line":30,"column":31}}}},"statementMap":{"1":{"start":{"line":18,"column":0},"end":{"line":20,"column":1}},"2":{"start":{"line":19,"column":2},"end":{"line":19,"column":72}},"3":{"start":{"line":30,"column":0},"end":{"line":47,"column":1}},"4":{"start":{"line":31,"column":2},"end":{"line":31,"column":34}},"5":{"start":{"line":32,"column":2},"end":{"line":44,"column":3}},"6":{"start":{"line":33,"column":4},"end":{"line":33,"column":36}},"7":{"start":{"line":34,"column":4},"end":{"line":43,"column":5}},"8":{"start":{"line":35,"column":6},"end":{"line":42,"column":7}},"9":{"start":{"line":36,"column":8},"end":{"line":36,"column":32}},"10":{"start":{"line":37,"column":8},"end":{"line":41,"column":9}},"11":{"start":{"line":38,"column":10},"end":{"line":38,"column":73}},"12":{"start":{"line":40,"column":10},"end":{"line":40,"column":35}},"13":{"start":{"line":46,"column":2},"end":{"line":46,"column":21}},"14":{"start":{"line":50,"column":0},"end":{"line":50,"column":36}}},"branchMap":{"1":{"line":31,"type":"binary-expr","locations":[{"start":{"line":31,"column":16},"end":{"line":31,"column":27}},{"start":{"line":31,"column":31},"end":{"line":31,"column":33}}]},"2":{"line":33,"type":"binary-expr","locations":[{"start":{"line":33,"column":17},"end":{"line":33,"column":29}},{"start":{"line":33,"column":33},"end":{"line":33,"column":35}}]},"3":{"line":35,"type":"if","locations":[{"start":{"line":35,"column":6},"end":{"line":35,"column":6}},{"start":{"line":35,"column":6},"end":{"line":35,"column":6}}]},"4":{"line":37,"type":"if","locations":[{"start":{"line":37,"column":8},"end":{"line":37,"column":8}},{"start":{"line":37,"column":8},"end":{"line":37,"column":8}}]},"5":{"line":38,"type":"binary-expr","locations":[{"start":{"line":38,"column":18},"end":{"line":38,"column":34}},{"start":{"line":38,"column":40},"end":{"line":38,"column":61}}]}},"l":{"18":1,"19":50,"30":1,"31":27,"32":27,"33":31,"34":31,"35":50,"36":50,"37":50,"38":4,"40":46,"46":27,"50":1}},
"/Users/bellamys/AtomicComponent/src/utilities/type-checkers/index.js":{"path":"/Users/bellamys/AtomicComponent/src/utilities/type-checkers/index.js","s":{"1":1,"2":1,"3":5,"4":1,"5":3,"6":1,"7":2,"8":1,"9":4,"10":1,"11":3,"12":1,"13":2,"14":1,"15":0,"16":1,"17":2,"18":1,"19":2,"20":1},"b":{"1":[2,2],"2":[1,0],"3":[2,2,2,2,1]},"f":{"1":5,"2":3,"3":2,"4":4,"5":3,"6":2,"7":0,"8":2,"9":2},"fnMap":{"1":{"name":"isUndefined","line":27,"loc":{"start":{"line":27,"column":0},"end":{"line":27,"column":30}}},"2":{"name":"isDefined","line":42,"loc":{"start":{"line":42,"column":0},"end":{"line":42,"column":28}}},"3":{"name":"isObject","line":59,"loc":{"start":{"line":59,"column":0},"end":{"line":59,"column":27}}},"4":{"name":"isString","line":75,"loc":{"start":{"line":75,"column":0},"end":{"line":75,"column":27}}},"5":{"name":"isNumber","line":97,"loc":{"start":{"line":97,"column":0},"end":{"line":97,"column":27}}},"6":{"name":"isDate","line":112,"loc":{"start":{"line":112,"column":0},"end":{"line":112,"column":25}}},"7":{"name":"isArray","line":127,"loc":{"start":{"line":127,"column":31},"end":{"line":127,"column":57}}},"8":{"name":"isFunction","line":142,"loc":{"start":{"line":142,"column":0},"end":{"line":142,"column":29}}},"9":{"name":"isEmpty","line":156,"loc":{"start":{"line":156,"column":0},"end":{"line":156,"column":26}}}},"statementMap":{"1":{"start":{"line":15,"column":0},"end":{"line":15,"column":42}},"2":{"start":{"line":27,"column":0},"end":{"line":29,"column":1}},"3":{"start":{"line":28,"column":2},"end":{"line":28,"column":38}},"4":{"start":{"line":42,"column":0},"end":{"line":44,"column":1}},"5":{"start":{"line":43,"column":2},"end":{"line":43,"column":38}},"6":{"start":{"line":59,"column":0},"end":{"line":62,"column":1}},"7":{"start":{"line":61,"column":2},"end":{"line":61,"column":53}},"8":{"start":{"line":75,"column":0},"end":{"line":77,"column":1}},"9":{"start":{"line":76,"column":2},"end":{"line":76,"column":55}},"10":{"start":{"line":97,"column":0},"end":{"line":99,"column":1}},"11":{"start":{"line":98,"column":2},"end":{"line":98,"column":55}},"12":{"start":{"line":112,"column":0},"end":{"line":114,"column":1}},"13":{"start":{"line":113,"column":2},"end":{"line":113,"column":53}},"14":{"start":{"line":127,"column":0},"end":{"line":129,"column":2}},"15":{"start":{"line":128,"column":2},"end":{"line":128,"column":54}},"16":{"start":{"line":142,"column":0},"end":{"line":144,"column":1}},"17":{"start":{"line":143,"column":2},"end":{"line":143,"column":57}},"18":{"start":{"line":156,"column":0},"end":{"line":162,"column":1}},"19":{"start":{"line":157,"column":2},"end":{"line":161,"column":35}},"20":{"start":{"line":166,"column":0},"end":{"line":176,"column":2}}},"branchMap":{"1":{"line":61,"type":"binary-expr","locations":[{"start":{"line":61,"column":9},"end":{"line":61,"column":23}},{"start":{"line":61,"column":27},"end":{"line":61,"column":52}}]},"2":{"line":127,"type":"binary-expr","locations":[{"start":{"line":127,"column":14},"end":{"line":127,"column":27}},{"start":{"line":127,"column":31},"end":{"line":129,"column":1}}]},"3":{"line":157,"type":"binary-expr","locations":[{"start":{"line":157,"column":9},"end":{"line":157,"column":29}},{"start":{"line":158,"column":9},"end":{"line":158,"column":23}},{"start":{"line":159,"column":9},"end":{"line":159,"column":26}},{"start":{"line":160,"column":9},"end":{"line":160,"column":26}},{"start":{"line":161,"column":9},"end":{"line":161,"column":34}}]}},"l":{"15":1,"27":1,"28":5,"42":1,"43":3,"59":1,"61":2,"75":1,"76":4,"97":1,"98":3,"112":1,"113":2,"127":1,"128":0,"142":1,"143":2,"156":1,"157":2,"166":1}}}
