TN:
SF:/Users/bellamys/AtomicComponent/src/components/Atom.js
FNF:0
FNH:0
DA:11,0
DA:12,0
DA:14,0
DA:19,0
LF:4
LH:0
BRF:0
BRH:0
end_of_record
TN:
SF:/Users/bellamys/AtomicComponent/src/components/AtomicComponent.js
FN:31,AtomicComponent
FN:37,(anonymous_2)
FN:54,(anonymous_3)
FN:61,(anonymous_4)
FN:68,(anonymous_5)
FN:87,(anonymous_6)
FN:102,(anonymous_7)
FN:129,(anonymous_8)
FN:146,(anonymous_9)
FN:163,(anonymous_10)
FN:193,(anonymous_11)
FN:204,(anonymous_12)
FN:219,(anonymous_13)
FN:235,extend
FN:242,child
FN:272,_processModifiers
FN:273,(anonymous_17)
FN:293,init
FNF:18
FNH:13
FNDA:6,AtomicComponent
FNDA:6,(anonymous_2)
FNDA:5,(anonymous_3)
FNDA:1,(anonymous_4)
FNDA:6,(anonymous_5)
FNDA:6,(anonymous_6)
FNDA:6,(anonymous_7)
FNDA:0,(anonymous_8)
FNDA:3,(anonymous_9)
FNDA:6,(anonymous_10)
FNDA:0,(anonymous_11)
FNDA:3,(anonymous_12)
FNDA:6,(anonymous_13)
FNDA:1,extend
FNDA:1,child
FNDA:0,_processModifiers
FNDA:0,(anonymous_17)
FNDA:0,init
DA:16,1
DA:17,1
DA:18,1
DA:19,1
DA:20,1
DA:31,1
DA:32,6
DA:33,6
DA:34,6
DA:35,6
DA:36,6
DA:37,6
DA:38,6
DA:40,6
DA:44,1
DA:54,5
DA:62,1
DA:69,6
DA:70,3
DA:71,3
DA:72,3
DA:73,3
DA:74,3
DA:76,3
DA:78,6
DA:88,6
DA:89,3
DA:91,6
DA:92,6
DA:94,6
DA:103,6
DA:104,6
DA:105,6
DA:106,6
DA:107,0
DA:108,0
DA:109,0
DA:110,0
DA:111,0
DA:112,0
DA:114,0
DA:118,6
DA:120,6
DA:130,0
DA:131,0
DA:132,0
DA:133,0
DA:135,0
DA:136,0
DA:138,0
DA:147,3
DA:149,3
DA:150,4
DA:151,4
DA:164,6
DA:165,6
DA:166,6
DA:167,6
DA:169,6
DA:170,6
DA:171,0
DA:172,0
DA:173,0
DA:174,0
DA:175,0
DA:176,0
DA:177,0
DA:178,0
DA:180,0
DA:182,0
DA:194,0
DA:196,0
DA:205,3
DA:206,0
DA:208,3
DA:210,3
DA:220,6
DA:235,1
DA:242,1
DA:243,1
DA:244,1
DA:247,1
DA:248,1
DA:249,1
DA:251,1
DA:252,0
DA:255,1
DA:257,0
DA:260,1
DA:262,1
DA:272,1
DA:273,0
DA:274,0
DA:275,0
DA:276,0
DA:279,0
DA:280,0
DA:281,0
DA:283,0
DA:293,1
DA:294,0
DA:295,0
DA:296,0
DA:298,0
DA:299,0
DA:300,0
DA:301,0
DA:305,0
DA:308,1
LF:109
LH:64
BRDA:34,1,0,6
BRDA:34,1,1,4
BRDA:69,2,0,3
BRDA:69,2,1,3
BRDA:71,3,0,3
BRDA:71,3,1,2
BRDA:72,4,0,1
BRDA:72,4,1,2
BRDA:88,5,0,3
BRDA:88,5,1,3
BRDA:107,6,0,0
BRDA:107,6,1,0
BRDA:109,7,0,0
BRDA:109,7,1,0
BRDA:111,8,0,0
BRDA:111,8,1,0
BRDA:130,9,0,0
BRDA:130,9,1,0
BRDA:132,10,0,0
BRDA:132,10,1,0
BRDA:150,11,0,4
BRDA:150,11,1,0
BRDA:169,12,0,6
BRDA:169,12,1,6
BRDA:170,13,0,6
BRDA:170,13,1,0
BRDA:175,14,0,0
BRDA:175,14,1,0
BRDA:176,15,0,0
BRDA:176,15,1,0
BRDA:205,16,0,0
BRDA:205,16,1,3
BRDA:251,17,0,0
BRDA:251,17,1,1
BRDA:255,18,0,0
BRDA:255,18,1,1
BRDA:255,19,0,1
BRDA:255,19,1,0
BRDA:274,20,0,0
BRDA:274,20,1,0
BRDA:279,21,0,0
BRDA:279,21,1,0
BRDA:279,22,0,0
BRDA:279,22,1,0
BRDA:300,23,0,0
BRDA:300,23,1,0
BRF:46
BRH:18
end_of_record
TN:
SF:/Users/bellamys/AtomicComponent/src/components/Molecule.js
FNF:0
FNH:0
DA:11,0
DA:12,0
DA:14,0
DA:19,0
LF:4
LH:0
BRF:0
BRH:0
end_of_record
TN:
SF:/Users/bellamys/AtomicComponent/src/components/Organism.js
FNF:0
FNH:0
DA:11,0
DA:12,0
DA:14,0
DA:19,0
LF:4
LH:0
BRF:0
BRH:0
end_of_record
TN:
SF:/Users/bellamys/AtomicComponent/src/components/Page.js
FNF:0
FNH:0
DA:11,0
DA:12,0
DA:14,0
DA:19,0
LF:4
LH:0
BRF:0
BRH:0
end_of_record
TN:
SF:/Users/bellamys/AtomicComponent/src/components/_Template.js
FNF:0
FNH:0
DA:11,0
DA:12,0
DA:14,0
DA:19,0
LF:4
LH:0
BRF:0
BRH:0
end_of_record
TN:
SF:/Users/bellamys/AtomicComponent/src/mixins/Events.js
FN:20,(anonymous_1)
FN:34,(anonymous_2)
FN:46,(anonymous_3)
FNF:3
FNH:3
FNDA:5,(anonymous_1)
FNDA:1,(anonymous_2)
FNDA:8,(anonymous_3)
DA:11,1
DA:21,5
DA:22,5
DA:23,5
DA:25,5
DA:35,1
DA:37,1
DA:47,8
DA:48,8
DA:49,8
DA:50,1
DA:53,8
DA:58,1
LF:13
LH:13
BRDA:21,1,0,5
BRDA:21,1,1,0
BRDA:22,2,0,5
BRDA:22,2,1,3
BRDA:35,3,0,1
BRDA:35,3,1,0
BRDA:35,4,0,1
BRDA:35,4,1,1
BRDA:47,5,0,8
BRDA:47,5,1,6
BRDA:48,6,0,8
BRDA:48,6,1,7
BRF:12
BRH:10
end_of_record
TN:
SF:/Users/bellamys/AtomicComponent/src/utilities/config.js
FN:43,NO_OP_FUNCTION
FNF:1
FNH:1
FNDA:1,NO_OP_FUNCTION
DA:10,1
DA:19,1
DA:29,1
DA:43,1
DA:45,1
DA:47,1
LF:6
LH:6
BRF:0
BRH:0
end_of_record
TN:
SF:/Users/bellamys/AtomicComponent/src/utilities/dom-class-list/index.js
FN:24,_sliceArgs
FN:35,addClass
FN:41,(anonymous_3)
FN:59,contains
FN:73,removeClass
FN:80,(anonymous_6)
FN:98,toggleClass
FNF:7
FNH:7
FNDA:6,_sliceArgs
FNDA:3,addClass
FNDA:4,(anonymous_3)
FNDA:8,contains
FNDA:3,removeClass
FNDA:4,(anonymous_6)
FNDA:2,toggleClass
DA:16,2
DA:24,1
DA:25,6
DA:35,1
DA:36,3
DA:37,3
DA:38,0
DA:40,3
DA:41,3
DA:42,4
DA:43,3
DA:46,3
DA:49,3
DA:59,1
DA:60,8
DA:61,3
DA:64,5
DA:73,1
DA:74,3
DA:75,3
DA:76,0
DA:79,3
DA:80,3
DA:81,4
DA:82,3
DA:85,3
DA:98,1
DA:99,2
DA:100,2
DA:101,0
DA:102,2
DA:103,1
DA:105,1
DA:106,1
DA:109,2
DA:113,2
LF:36
LH:33
BRDA:37,1,0,0
BRDA:37,1,1,3
BRDA:42,2,0,3
BRDA:42,2,1,1
BRDA:60,3,0,3
BRDA:60,3,1,5
BRDA:75,4,0,0
BRDA:75,4,1,3
BRDA:81,5,0,3
BRDA:81,5,1,1
BRDA:100,6,0,0
BRDA:100,6,1,2
BRDA:102,7,0,1
BRDA:102,7,1,1
BRDA:102,8,0,2
BRDA:102,8,1,2
BRF:16
BRH:13
end_of_record
TN:
SF:/Users/bellamys/AtomicComponent/src/utilities/data-set/index.js
FN:18,_toCamelCase
FN:19,(anonymous_2)
FN:31,dataSet
FNF:3
FNH:3
FNDA:5,_toCamelCase
FNDA:9,(anonymous_2)
FNDA:1,dataSet
DA:11,1
DA:18,1
DA:19,5
DA:20,9
DA:31,1
DA:32,1
DA:33,0
DA:35,1
DA:36,1
DA:37,1
DA:38,1
DA:40,1
DA:41,5
DA:42,5
DA:43,5
DA:44,5
DA:48,1
DA:52,1
LF:18
LH:17
BRDA:32,1,0,0
BRDA:32,1,1,1
BRDA:43,2,0,5
BRDA:43,2,1,0
BRF:4
BRH:2
end_of_record
TN:
SF:/Users/bellamys/AtomicComponent/src/utilities/dom-closest/index.js
FN:19,closest
FNF:1
FNH:1
FNDA:10,closest
DA:19,1
DA:20,10
DA:21,1
DA:24,9
DA:28,9
DA:30,9
DA:31,32
DA:32,4
DA:34,28
DA:37,32
DA:40,5
DA:44,1
LF:12
LH:12
BRDA:20,1,0,1
BRDA:20,1,1,9
BRDA:24,2,0,9
BRDA:24,2,1,3
BRDA:24,2,2,2
BRDA:24,2,3,1
BRDA:31,3,0,4
BRDA:31,3,1,28
BRDA:37,4,0,4
BRDA:37,4,1,28
BRF:10
BRH:10
end_of_record
TN:
SF:/Users/bellamys/AtomicComponent/src/utilities/function-bind/index.js
FN:23,bind
FN:24,(anonymous_2)
FNF:2
FNH:2
FNDA:1,bind
FNDA:1,(anonymous_2)
DA:23,1
DA:24,1
DA:25,1
DA:30,1
LF:4
LH:4
BRF:0
BRH:0
end_of_record
TN:
SF:/Users/bellamys/AtomicComponent/src/utilities/object-assign/index.js
FN:18,_isPlainObject
FN:30,assign
FNF:2
FNH:2
FNDA:50,_isPlainObject
FNDA:27,assign
DA:18,1
DA:19,50
DA:30,1
DA:31,27
DA:32,27
DA:33,31
DA:34,31
DA:35,50
DA:36,50
DA:37,50
DA:38,4
DA:40,46
DA:46,27
DA:50,1
LF:14
LH:14
BRDA:31,1,0,27
BRDA:31,1,1,0
BRDA:33,2,0,31
BRDA:33,2,1,9
BRDA:35,3,0,50
BRDA:35,3,1,0
BRDA:37,4,0,4
BRDA:37,4,1,46
BRDA:38,5,0,4
BRDA:38,5,1,4
BRF:10
BRH:8
end_of_record
TN:
SF:/Users/bellamys/AtomicComponent/src/utilities/type-checkers/index.js
FN:27,isUndefined
FN:42,isDefined
FN:59,isObject
FN:75,isString
FN:97,isNumber
FN:112,isDate
FN:127,isArray
FN:142,isFunction
FN:156,isEmpty
FNF:9
FNH:8
FNDA:5,isUndefined
FNDA:3,isDefined
FNDA:2,isObject
FNDA:4,isString
FNDA:3,isNumber
FNDA:2,isDate
FNDA:0,isArray
FNDA:2,isFunction
FNDA:2,isEmpty
DA:15,1
DA:27,1
DA:28,5
DA:42,1
DA:43,3
DA:59,1
DA:61,2
DA:75,1
DA:76,4
DA:97,1
DA:98,3
DA:112,1
DA:113,2
DA:127,1
DA:128,0
DA:142,1
DA:143,2
DA:156,1
DA:157,2
DA:166,1
LF:20
LH:19
BRDA:61,1,0,2
BRDA:61,1,1,2
BRDA:127,2,0,1
BRDA:127,2,1,0
BRDA:157,3,0,2
BRDA:157,3,1,2
BRDA:157,3,2,2
BRDA:157,3,3,2
BRDA:157,3,4,1
BRF:9
BRH:8
end_of_record
